<?xml version="1.0" encoding="UTF-8"?>
<testng-results ignored="0" total="1" passed="1" failed="0" skipped="0">
  <reporter-output>
  </reporter-output>
  <suite started-at="2024-04-18T12:21:29 MESZ" name="Smoky" finished-at="2024-04-18T12:21:45 MESZ" duration-ms="16481">
    <groups>
    </groups>
    <test started-at="2024-04-18T12:21:29 MESZ" name="Smoky" finished-at="2024-04-18T12:21:45 MESZ" duration-ms="16481">
      <class name="com.demoqa.tests.PracticeFormTest">
        <test-method is-config="true" signature="init()[pri:0, instance:com.demoqa.tests.PracticeFormTest@74455848]" started-at="2024-04-18T12:21:29 MESZ" name="init" finished-at="2024-04-18T12:21:37 MESZ" duration-ms="7826" status="PASS">
          <reporter-output>
          </reporter-output>
        </test-method> <!-- init -->
        <test-method is-config="true" signature="precondition()[pri:0, instance:com.demoqa.tests.PracticeFormTest@74455848]" started-at="2024-04-18T12:21:37 MESZ" name="precondition" finished-at="2024-04-18T12:21:40 MESZ" duration-ms="2382" status="PASS">
          <reporter-output>
          </reporter-output>
        </test-method> <!-- precondition -->
        <test-method signature="createStudentAccountTest()[pri:0, instance:com.demoqa.tests.PracticeFormTest@74455848]" started-at="2024-04-18T12:21:40 MESZ" name="createStudentAccountTest" finished-at="2024-04-18T12:21:45 MESZ" duration-ms="5086" status="PASS">
          <reporter-output>
          </reporter-output>
        </test-method> <!-- createStudentAccountTest -->
        <test-method is-config="true" signature="tearDown()[pri:0, instance:com.demoqa.tests.PracticeFormTest@74455848]" started-at="2024-04-18T12:21:45 MESZ" name="tearDown" finished-at="2024-04-18T12:21:45 MESZ" duration-ms="591" status="PASS">
          <reporter-output>
          </reporter-output>
        </test-method> <!-- tearDown -->
      </class> <!-- com.demoqa.tests.PracticeFormTest -->
    </test> <!-- Smoky -->
  </suite> <!-- Smoky -->
</testng-results>
